Wed 27 Oct 2021 
Checking installation in C:\jac\system\Java\Programming\Repositories\wudsn-ide-install\. 
Starting full installation from server. 
Environment variables: 
ALLUSERSPROFILE=C:\ProgramData
APPDATA=C:\Users\JAC\AppData\Roaming
CARBON_MEM_DISABLE=1
CommonProgramFiles=C:\Program Files\Common Files
CommonProgramFiles(x86)=C:\Program Files (x86)\Common Files
CommonProgramW6432=C:\Program Files\Common Files
COMPUTERNAME=W530
ComSpec=C:\WINDOWS\system32\cmd.exe
DOWNLOADS_URL=https://www.wudsn.com/productions/java/ide/downloads
DriverData=C:\Windows\System32\Drivers\DriverData
ECLIPSE_APP=C:\jac\system\Java\Programming\Repositories\wudsn-ide-install\\Tools\IDE\Eclipse\eclipse\eclipse.exe
ECLIPSE_FILE=eclipse-platform-4.19-win32-x86_64.zip
ECLIPSE_FOLDER=C:\jac\system\Java\Programming\Repositories\wudsn-ide-install\\Tools\IDE\Eclipse
ECLIPSE_FOLDER_NAME=eclipse
ECLIPSE_RUNTIME_FOLDER=C:\jac\system\Java\Programming\Repositories\wudsn-ide-install\\Tools\IDE\Eclipse\eclipse
ECLIPSE_URL=https://www.wudsn.com/productions/java/ide/downloads/eclipse-platform-4.19-win32-x86_64.zip
HOMEDRIVE=C:
HOMEPATH=\Users\JAC
INSTALL_FOLDER=C:\jac\system\Java\Programming\Repositories\wudsn-ide-install\Install
INSTALL_MODE=--install-all-from-server
IONOS_PASSWORD=wudsn2010
IONOS_USER=u52906944
JRE_FILE=openjdk-16.0.2_windows-x64_bin.zip
JRE_FOLDER_NAME=jdk-16.0.2
JRE_URL=https://www.wudsn.com/productions/java/ide/downloads/openjdk-16.0.2_windows-x64_bin.zip
LOCALAPPDATA=C:\Users\JAC\AppData\Local
LOG=C:\jac\system\Java\Programming\Repositories\wudsn-ide-install\wudsn.log
LOGONSERVER=\\W530
NUMBER_OF_PROCESSORS=8
OS=Windows_NT
Path=C:\WINDOWS\system32;C:\WINDOWS;C:\WINDOWS\System32\Wbem;C:\WINDOWS\System32\WindowsPowerShell\v1.0\;C:\jac\system\Java\Tools\JDK\16\64-bit\jdk-16\bin;C:\Program Files\Git\cmd;C:\WINDOWS\System32\OpenSSH\;C:\jac\system\WWW\Tools\WEB\xampp\php;C:\Users\JAC\AppData\Local\Microsoft\WindowsApps;C:\Users\JAC\AppData\Local\GitHubDesktop\bin
PATHEXT=.COM;.EXE;.BAT;.CMD;.VBS;.VBE;.JS;.JSE;.WSF;.WSH;.MSC
PROCESSOR_ARCHITECTURE=AMD64
PROCESSOR_IDENTIFIER=Intel64 Family 6 Model 58 Stepping 9, GenuineIntel
PROCESSOR_LEVEL=6
PROCESSOR_REVISION=3a09
ProgramData=C:\ProgramData
ProgramFiles=C:\Program Files
ProgramFiles(x86)=C:\Program Files (x86)
ProgramW6432=C:\Program Files
PROJECTS_FOLDER=C:\jac\system\Java\Programming\Repositories\wudsn-ide-install\Projects
PROMPT=$P$G
PSModulePath=C:\Program Files\WindowsPowerShell\Modules;C:\WINDOWS\system32\WindowsPowerShell\v1.0\Modules
PUBLIC=C:\Users\Public
SCRIPT_FOLDER=C:\jac\system\Java\Programming\Repositories\wudsn-ide-install\
SESSIONNAME=Console
SOURCEFORGE_API_KEY=0199ba1f-48dc-44c3-bbd8-c726168fbb51
SOURCEFORGE_PASSWORD=e309f6d0E19311F38b680800200c9a66
SOURCEFORGE_USER=peterdell
SystemDrive=C:
SystemRoot=C:\WINDOWS
TEMP=C:\TEMP
TMP=C:\TEMP
TOOLS_FILE=wudsn-ide-tools-main.zip
TOOLS_FOLDER=C:\jac\system\Java\Programming\Repositories\wudsn-ide-install\Tools
TOOLS_URL=https://github.com/peterdell/wudsn-ide-tools/archive/refs/heads/main.zip
USERDOMAIN=W530
USERDOMAIN_ROAMINGPROFILE=W530
USERNAME=JAC
USERPROFILE=C:\Users\JAC
windir=C:\WINDOWS
WORKSPACE_FOLDER=C:\jac\system\Java\Programming\Repositories\wudsn-ide-install\Workspace
WORKSPACE_LOCK=C:\jac\system\Java\Programming\Repositories\wudsn-ide-install\Workspace\.metadata\.lock
WUDSN_FOLDER=C:\jac\system\Java\Programming\Repositories\wudsn-ide-install\
Installing Tools. 
Downloading repo wudsn-ide-tools to C:\jac\system\Java\Programming\Repositories\wudsn-ide-install\Tools. 
Downloading wudsn-ide-tools-main.zip from https://github.com/peterdell/wudsn-ide-tools/archive/refs/heads/main.zip. 
